Built from '6000.3/staging' branch; Version is '6000.3.0f1 (d1870ce95baf) revision 13731596'; Using compiler version '194234433'; Build Type 'Release'
[Licensing::Module] Trying to connect to existing licensing client channel...
OS: 'Windows 10  (10.0.19045) 64bit Core' Language: 'pt' Physical Memory: 8152 MB
BatchMode: 1, IsHumanControllingUs: 0, StartBugReporterOnCrash: 0, Is64bit: 1
Date: 2025-12-08T06:07:49Z
[Licensing::IpcConnector] Successfully connected to: "LicenseClient-hansp" at "2025-12-08T06:07:49.9005977Z"

COMMAND LINE ARGUMENTS:
C:\Program Files\Unity\Hub\Editor\6000.3.0f1\Editor\Unity.exe
-adb2
-batchMode
-noUpm
-name
AssetImportWorker0
-projectPath
E:/GitLab/JogoBollRun/JogoBollRun
-logFile
Logs/AssetImportWorker0.log
-srvPort
62978
-licensingIpc
LicenseClient-hansp
-job-worker-count
1
-background-job-worker-count
8
-gc-helper-count
1
-name
AssetImport
Successfully changed project path to: E:/GitLab/JogoBollRun/JogoBollRun
E:/GitLab/JogoBollRun/JogoBollRun
[UnityMemory] Configuration Parameters - Can be set up in boot.config
    "memorysetup-temp-allocator-size-nav-mesh-worker=65536"
    "memorysetup-temp-allocator-size-audio-worker=65536"
    "memorysetup-temp-allocator-size-gfx=262144"
    "memorysetup-allocator-temp-initial-block-size-main=262144"
    "memorysetup-allocator-temp-initial-block-size-worker=262144"
    "memorysetup-temp-allocator-size-background-worker=32768"
    "memorysetup-temp-allocator-size-job-worker=262144"
    "memorysetup-temp-allocator-size-preload-manager=33554432"
    "memorysetup-temp-allocator-size-gi-baking-worker=262144"
    "memorysetup-temp-allocator-size-gi-baking-worker=262144"
    "memorysetup-temp-allocator-size-gi-baking-worker=262144"
    "memorysetup-temp-allocator-size-gi-baking-worker=262144"
    "memorysetup-temp-allocator-size-gi-baking-worker=262144"
    "memorysetup-bucket-allocator-granularity=16"
    "memorysetup-bucket-allocator-bucket-count=8"
    "memorysetup-bucket-allocator-block-size=33554432"
    "memorysetup-bucket-allocator-block-count=8"
    "memorysetup-main-allocator-block-size=16777216"
    "memorysetup-thread-allocator-block-size=16777216"
    "memorysetup-gfx-main-allocator-block-size=16777216"
    "memorysetup-gfx-thread-allocator-block-size=16777216"
    "memorysetup-cache-allocator-block-size=4194304"
    "memorysetup-typetree-allocator-block-size=2097152"
    "memorysetup-profiler-bucket-allocator-granularity=16"
    "memorysetup-profiler-bucket-allocator-bucket-count=8"
    "memorysetup-profiler-bucket-allocator-block-size=33554432"
    "memorysetup-profiler-bucket-allocator-block-count=8"
    "memorysetup-profiler-allocator-block-size=16777216"
    "memorysetup-profiler-editor-allocator-block-size=1048576"
    "memorysetup-temp-allocator-size-main=16777216"
    "memorysetup-job-temp-allocator-block-size=2097152"
    "memorysetup-job-temp-allocator-block-size-background=1048576"
    "memorysetup-job-temp-allocator-reduction-small-platforms=262144"
    "memorysetup-temp-allocator-size-cloud-worker=32768"
Player connection [3488]  Target information:

Player connection [3488]  * "[IP] 169.254.93.210 [Port] 0 [Flags] 2 [Guid] 3603032301 [EditorId] 3603032301 [Version] 1048832 [Id] WindowsEditor(7,DESKTOP-PBFLCH2) [Debug] 1 [PackageName] WindowsEditor [ProjectName] Editor" 

Player connection [3488] Host joined multi-casting on [225.0.0.222:54997]...
Player connection [3488] Host joined alternative multi-casting on [225.0.0.222:34997]...
JobSystem: Creating JobQueue using job-worker-count value 1
Input System module state changed to: Initialized.
[Physics::Module] Initialized fallback backend.
[Physics::Module] Id: 0xdecafbad
Library Redirect Path: Library/
[Physics::Module] Selected backend.
[Physics::Module] Name: PhysX
[Physics::Module] Id: 0xf2b8ea05
[Physics::Module] SDK Version: 4.1.2
[Physics::Module] Integration Version: 1.0.0
[Physics::Module] Threading Mode: Multi-Threaded
Refreshing native plugins compatible for Editor in 0.00 ms, found 0 plugins.
Preloading 0 native plugins for Editor in 0.00 ms.
Initialize engine version: 6000.3.0f1 (d1870ce95baf)
[Subsystems] Discovering subsystems at path C:/Program Files/Unity/Hub/Editor/6000.3.0f1/Editor/Data/Resources/UnitySubsystems
[Subsystems] Discovering subsystems at path E:/GitLab/JogoBollRun/JogoBollRun/Assets
GfxDevice: creating device client; kGfxThreadingModeNonThreaded
Direct3D:
    Version:  Direct3D 11.0 [level 10.1]
    Renderer: NVIDIA GeForce 210  (ID=0xa65)
    Vendor:   NVIDIA
    VRAM:     972 MB
    Driver:   9.18.13.4174
C:\build\output\unity\unity\External\baselib\baselib\Source\WinApi\Baselib_DynamicLibrary_WinApi.inl.h(100):Baselib_DynamicLibrary_GetFunction: The requested function was not found (0x06000001) - Não foi possível encontrar o procedimento especificado.  (WinError:0000007f)
C:\build\output\unity\unity\External\baselib\baselib\Source\WinApi\Baselib_DynamicLibrary_WinApi.inl.h(100):Baselib_DynamicLibrary_GetFunction: The requested function was not found (0x06000001) - Não foi possível encontrar o procedimento especificado.  (WinError:0000007f)
C:\build\output\unity\unity\External\baselib\baselib\Source\WinApi\Baselib_DynamicLibrary_WinApi.inl.h(100):Baselib_DynamicLibrary_GetFunction: The requested function was not found (0x06000001) - Não foi possível encontrar o procedimento especificado.  (WinError:0000007f)
C:\build\output\unity\unity\External\baselib\baselib\Source\WinApi\Baselib_DynamicLibrary_WinApi.inl.h(100):Baselib_DynamicLibrary_GetFunction: The requested function was not found (0x06000001) - Não foi possível encontrar o procedimento especificado.  (WinError:0000007f)
C:\build\output\unity\unity\External\baselib\baselib\Source\WinApi\Baselib_DynamicLibrary_WinApi.inl.h(100):Baselib_DynamicLibrary_GetFunction: The requested function was not found (0x06000001) - Não foi possível encontrar o procedimento especificado.  (WinError:0000007f)
C:\build\output\unity\unity\External\baselib\baselib\Source\WinApi\Baselib_DynamicLibrary_WinApi.inl.h(100):Baselib_DynamicLibrary_GetFunction: The requested function was not found (0x06000001) - Não foi possível encontrar o procedimento especificado.  (WinError:0000007f)
C:\build\output\unity\unity\External\baselib\baselib\Source\WinApi\Baselib_DynamicLibrary_WinApi.inl.h(100):Baselib_DynamicLibrary_GetFunction: The requested function was not found (0x06000001) - Não foi possível encontrar o procedimento especificado.  (WinError:0000007f)
Initialize mono
Mono path[0] = 'C:/Program Files/Unity/Hub/Editor/6000.3.0f1/Editor/Data/Managed'
Mono path[1] = 'C:/Program Files/Unity/Hub/Editor/6000.3.0f1/Editor/Data/MonoBleedingEdge/lib/mono/unityjit-win32'
Mono config path = 'C:/Program Files/Unity/Hub/Editor/6000.3.0f1/Editor/Data/MonoBleedingEdge/etc'
Using monoOptions --debugger-agent=transport=dt_socket,embedding=1,server=y,suspend=n,address=127.0.0.1:56964
Begin MonoManager ReloadAssembly
Registering precompiled unity dll's ...
Register platform support module: C:/Program Files/Unity/Hub/Editor/6000.3.0f1/Editor/Data/PlaybackEngines/WebGLSupport/UnityEditor.WebGL.Extensions.dll
Register platform support module: C:/Program Files/Unity/Hub/Editor/6000.3.0f1/Editor/Data/PlaybackEngines/WindowsStandaloneSupport/UnityEditor.WindowsStandalone.Extensions.dll
[Licensing::Module] Licensing is not yet initialized.
[Licensing::Client] Error: HandshakeResponse reported an error:
	ResponseCode: 505
	ResponseStatus: Unsupported protocol version '1.17.4'.
[Licensing::Module] Error: Failed to handshake to channel: "LicenseClient-hansp"
[Licensing::IpcConnector] LicenseClient-hansp channel disconnected successfully.
[Licensing::IpcConnector] Successfully connected to: "LicenseClient-hansp-6000.3.0" at "2025-12-08T06:07:52.6928668Z"
[Licensing::Client] Handshaking with LicensingClient:
  Version:                 1.17.4+4293ba1
  Session Id:              c947246f3485483597c9d246c1427918
  Correlation Id:          b94d2941c6cfabae7f1b213879cedaf9
  External correlation Id: 6266875421751815956
  Machine Id:              OjIrIaZcKE5qTWz3CFACj0/P59c=
[Licensing::Module] Successfully connected to LicensingClient on channel: "LicenseClient-hansp-6000.3.0" (connect: 0.01s, validation: 0.01s, handshake: 2.09s)
[Licensing::IpcConnector] Successfully connected to: "LicenseClient-hansp-6000.3.0-notifications" at "2025-12-08T06:07:54.7933094Z"
[Licensing::Module] Licensing Background thread has ended after 4.91s
[Licensing::Module] Licensing is initialized (took 3.81s).
[Licensing::Client] Successfully resolved entitlement details
[Licensing::Module] License group:
  Id: 4673057296465-UnityPersXXXX
  Product: Unity Personal
  Type: Assigned
  Expiration: Unlimited
Register platform support module: C:/Program Files/Unity/Hub/Editor/6000.3.0f1/Editor/Data/PlaybackEngines/MetroSupport/UnityEditor.UWP.Extensions.dll
[Licensing::Client] Successfully resolved entitlement details
Register platform support module: C:/Program Files/Unity/Hub/Editor/6000.3.0f1/Editor/Data/PlaybackEngines/AndroidPlayer/UnityEditor.Android.Extensions.dll
Registered in 3.854809 seconds.
- Loaded All Assemblies, in  4.818 seconds
Native extension for Android target not found
Android Extension - Scanning For ADB Devices 242 ms
Native extension for UWP target not found
Native extension for WindowsStandalone target not found
Native extension for WebGL target not found
Mono: successfully reloaded assembly
- Finished resetting the current domain, in  1.227 seconds
Domain Reload Profiling: 6038ms
	BeginReloadAssembly (341ms)
		ExecutionOrderSort (0ms)
		DisableScriptedObjects (0ms)
		BackupInstance (0ms)
		ReleaseScriptingObjects (0ms)
		CreateAndSetChildDomain (1ms)
	RebuildCommonClasses (90ms)
	RebuildNativeTypeToScriptingClass (46ms)
	initialDomainReloadingComplete (3956ms)
	LoadAllAssembliesAndSetupDomain (378ms)
		LoadAssemblies (338ms)
		RebuildTransferFunctionScriptingTraits (0ms)
		AnalyzeDomain (367ms)
			TypeCache.Refresh (365ms)
				TypeCache.ScanAssembly (340ms)
			BuildScriptInfoCaches (0ms)
			ResolveRequiredComponents (1ms)
	FinalizeReload (1227ms)
		ReleaseScriptCaches (0ms)
		RebuildScriptCaches (0ms)
		SetupLoadedEditorAssemblies (1156ms)
			LogAssemblyErrors (0ms)
			InitializePlatformSupportModulesInManaged (454ms)
			SetLoadedEditorAssemblies (8ms)
			BeforeProcessingInitializeOnLoad (207ms)
			ProcessInitializeOnLoadAttributes (324ms)
			ProcessInitializeOnLoadMethodAttributes (163ms)
			AfterProcessingInitializeOnLoad (0ms)
			EditorAssembliesLoaded (0ms)
		ExecutionOrderSort2 (0ms)
		AwakeInstancesAfterBackupRestoration (0ms)
========================================================================
Worker process is ready to serve import requests
Import Worker Mode flag is 0x00
Begin MonoManager ReloadAssembly
[Licensing::Client] Successfully resolved entitlement details
- Loaded All Assemblies, in  0.593 seconds
Refreshing native plugins compatible for Editor in 0.00 ms, found 0 plugins.
Native extension for Android target not found
Native extension for UWP target not found
Native extension for WindowsStandalone target not found
Native extension for WebGL target not found
Mono: successfully reloaded assembly
- Finished resetting the current domain, in  0.820 seconds
Domain Reload Profiling: 1406ms
	BeginReloadAssembly (381ms)
		ExecutionOrderSort (0ms)
		DisableScriptedObjects (14ms)
		BackupInstance (0ms)
		ReleaseScriptingObjects (0ms)
		CreateAndSetChildDomain (52ms)
	RebuildCommonClasses (74ms)
	RebuildNativeTypeToScriptingClass (27ms)
	initialDomainReloadingComplete (53ms)
	LoadAllAssembliesAndSetupDomain (49ms)
		LoadAssemblies (216ms)
		RebuildTransferFunctionScriptingTraits (0ms)
		AnalyzeDomain (36ms)
			TypeCache.Refresh (29ms)
				TypeCache.ScanAssembly (17ms)
			BuildScriptInfoCaches (2ms)
			ResolveRequiredComponents (1ms)
	FinalizeReload (821ms)
		ReleaseScriptCaches (0ms)
		RebuildScriptCaches (0ms)
		SetupLoadedEditorAssemblies (621ms)
			LogAssemblyErrors (0ms)
			InitializePlatformSupportModulesInManaged (24ms)
			SetLoadedEditorAssemblies (10ms)
			BeforeProcessingInitializeOnLoad (216ms)
			ProcessInitializeOnLoadAttributes (285ms)
			ProcessInitializeOnLoadMethodAttributes (70ms)
			AfterProcessingInitializeOnLoad (15ms)
			EditorAssembliesLoaded (0ms)
		ExecutionOrderSort2 (0ms)
		AwakeInstancesAfterBackupRestoration (10ms)
Launched and connected shader compiler UnityShaderCompiler.exe after 0.02 seconds
Refreshing native plugins compatible for Editor in 0.00 ms, found 0 plugins.
Preloading 0 native plugins for Editor in 0.00 ms.
Unloading 0 Unused Serialized files (Serialized files now loaded: 0)
Unloading 72 unused Assets / (28.8 KB). Loaded Objects now: 684.
Memory consumption went from 73.5 MB to 73.5 MB.
Total: 7.642600 ms (FindLiveObjects: 0.076000 ms CreateObjectMapping: 0.022600 ms MarkObjects: 7.369800 ms  DeleteObjects: 0.172000 ms)

========================================================================
Received Import Request.
  Time since last request: 4122.285341 seconds.
  path: Assets/New Terrain 2.asset
  artifactKey: Guid(f00847b4da38aeb4e856fa4c711999b2) Importer(2089858483,b0f066a214c2f5e87bad3c948f4d605d)
Start importing Assets/New Terrain 2.asset using Guid(f00847b4da38aeb4e856fa4c711999b2) Importer(2089858483,b0f066a214c2f5e87bad3c948f4d605d) (ScriptedImporter) -> (artifact id: '5f958c7301ac676bf0ecace503be1bc2') in 0.1807983 seconds
Number of updated asset objects reloaded before import = 0Number of asset objects unloaded after import = 1

========================================================================
Received Import Request.
  Time since last request: 30.273159 seconds.
  path: Assets/ArtWork/Materials/Font/NewBrush.brush
  artifactKey: Guid(9a3ccb6ca99b3a34e9007b82a4dd84d7) Importer(815301076,1909f56bfc062723c751e8b465ee728b)
Start importing Assets/ArtWork/Materials/Font/NewBrush.brush using Guid(9a3ccb6ca99b3a34e9007b82a4dd84d7) Importer(815301076,1909f56bfc062723c751e8b465ee728b) (PreviewImporter) -> (artifact id: '505b2c9ec5596c0a3c9d7d644fd4a0be') in 0.1196155 seconds
Number of updated asset objects reloaded before import = 0Number of asset objects unloaded after import = 2

========================================================================
Received Import Request.
  Time since last request: 0.860578 seconds.
  path: Assets/ArtWork/Materials/Font/NewBrush.brush
  artifactKey: Guid(9a3ccb6ca99b3a34e9007b82a4dd84d7) Importer(2089858483,b0f066a214c2f5e87bad3c948f4d605d)
Start importing Assets/ArtWork/Materials/Font/NewBrush.brush using Guid(9a3ccb6ca99b3a34e9007b82a4dd84d7) Importer(2089858483,b0f066a214c2f5e87bad3c948f4d605d) (ScriptedImporter) -> (artifact id: '0af39d24a702f18f6ff7ae1c1d509f13') in 0.0811265 seconds
Number of updated asset objects reloaded before import = 0Number of asset objects unloaded after import = 2

========================================================================
Received Import Request.
  Time since last request: 29.053287 seconds.
  path: Assets/ArtWork/Materials/Font/NewBrush 1.brush
  artifactKey: Guid(e555be83fef425e438fb02a9bbb36458) Importer(815301076,1909f56bfc062723c751e8b465ee728b)
Start importing Assets/ArtWork/Materials/Font/NewBrush 1.brush using Guid(e555be83fef425e438fb02a9bbb36458) Importer(815301076,1909f56bfc062723c751e8b465ee728b) (PreviewImporter) -> (artifact id: '5e5f6d255f934ed9fd0367473045d25f') in 0.0255658 seconds
Number of updated asset objects reloaded before import = 0Number of asset objects unloaded after import = 2

========================================================================
Received Import Request.
  Time since last request: 0.960116 seconds.
  path: Assets/ArtWork/Materials/Font/NewBrush 1.brush
  artifactKey: Guid(e555be83fef425e438fb02a9bbb36458) Importer(2089858483,b0f066a214c2f5e87bad3c948f4d605d)
Start importing Assets/ArtWork/Materials/Font/NewBrush 1.brush using Guid(e555be83fef425e438fb02a9bbb36458) Importer(2089858483,b0f066a214c2f5e87bad3c948f4d605d) (ScriptedImporter) -> (artifact id: 'ab8a28d8d234735fc6a52d83cfd4f87a') in 0.0351714 seconds
Number of updated asset objects reloaded before import = 0Number of asset objects unloaded after import = 2

========================================================================
Received Import Request.
  Time since last request: 83.811834 seconds.
  path: Assets/ArtWork/Materials/Font/NewBrush 1.brush
  artifactKey: Guid(e555be83fef425e438fb02a9bbb36458) Importer(815301076,1909f56bfc062723c751e8b465ee728b)
Start importing Assets/ArtWork/Materials/Font/NewBrush 1.brush using Guid(e555be83fef425e438fb02a9bbb36458) Importer(815301076,1909f56bfc062723c751e8b465ee728b) (PreviewImporter) -> (artifact id: 'a229012a5dd318aeb345e1a8794ffa70') in 0.0328489 seconds
Number of updated asset objects reloaded before import = 0Number of asset objects unloaded after import = 2

========================================================================
Received Import Request.
  Time since last request: 0.939569 seconds.
  path: Assets/Standard Assets/Terrain Assets/Terrain Textures/GoodDirt.psd
  artifactKey: Guid(9606b3a624619ad48963789a318d83d1) Importer(2089858483,b0f066a214c2f5e87bad3c948f4d605d)
Start importing Assets/Standard Assets/Terrain Assets/Terrain Textures/GoodDirt.psd using Guid(9606b3a624619ad48963789a318d83d1) Importer(2089858483,b0f066a214c2f5e87bad3c948f4d605d) (ScriptedImporter)[Licensing::Client] Successfully resolved entitlement details
[Licensing::Client] Successfully resolved entitlement details
 -> (artifact id: '22cda3ec0e9de9496c9e9a5eb769294f') in 0.2433909 seconds
Number of updated asset objects reloaded before import = 0Number of asset objects unloaded after import = 1

========================================================================
Received Import Request.
  Time since last request: 2.462941 seconds.
  path: Assets/Standard Assets/Terrain Assets/Terrain Textures/GoodDirt.psd
  artifactKey: Guid(9606b3a624619ad48963789a318d83d1) Importer(815301076,1909f56bfc062723c751e8b465ee728b)
Start importing Assets/Standard Assets/Terrain Assets/Terrain Textures/GoodDirt.psd using Guid(9606b3a624619ad48963789a318d83d1) Importer(815301076,1909f56bfc062723c751e8b465ee728b) (PreviewImporter) -> (artifact id: '2033fac5b4d17263e627e6d4debb9e91') in 0.0879862 seconds
Number of updated asset objects reloaded before import = 0Number of asset objects unloaded after import = 2

========================================================================
Received Import Request.
  Time since last request: 68.883409 seconds.
  path: Assets/Standard Assets/Terrain Assets/Terrain Textures/Grass (Hill).psd
  artifactKey: Guid(fd58f51063b542a4d8c56f197ab85e42) Importer(2089858483,b0f066a214c2f5e87bad3c948f4d605d)
Start importing Assets/Standard Assets/Terrain Assets/Terrain Textures/Grass (Hill).psd using Guid(fd58f51063b542a4d8c56f197ab85e42) Importer(2089858483,b0f066a214c2f5e87bad3c948f4d605d) (ScriptedImporter) -> (artifact id: 'ce0fa4e0fc4a72154a0a99ca70970f2d') in 0.0382036 seconds
Number of updated asset objects reloaded before import = 0Number of asset objects unloaded after import = 1

========================================================================
Received Import Request.
  Time since last request: 113.818153 seconds.
  path: Assets/Standard Assets/Terrain Assets/Terrain Textures/Grass (Hill).psd
  artifactKey: Guid(fd58f51063b542a4d8c56f197ab85e42) Importer(815301076,1909f56bfc062723c751e8b465ee728b)
Start importing Assets/Standard Assets/Terrain Assets/Terrain Textures/Grass (Hill).psd using Guid(fd58f51063b542a4d8c56f197ab85e42) Importer(815301076,1909f56bfc062723c751e8b465ee728b) (PreviewImporter) -> (artifact id: '7e6eb4e1b0216297051beef016da0940') in 0.0325591 seconds
Number of updated asset objects reloaded before import = 0Number of asset objects unloaded after import = 2

